<?xml version="1.0" encoding="UTF-8"?>
<testsuite xmlns:xsi="http://www.w3.org/2001/XMLSchema-instance" xsi:noNamespaceSchemaLocation="https://maven.apache.org/surefire/maven-surefire-plugin/xsd/surefire-test-report-3.0.xsd" version="3.0" name="com.library.AppTest" time="0.039" tests="1" errors="0" skipped="0" failures="0">
  <properties>
    <property name="java.specification.version" value="24"/>
    <property name="sun.cpu.isalist" value="amd64"/>
    <property name="sun.jnu.encoding" value="Cp1252"/>
    <property name="java.class.path" value="E:\projects\cognizant\learning-program-solutions\Week3_SpringCoreAndMaven\3_Exercise 4 Creating and Configuring a Maven Project\Code\target\test-classes;E:\projects\cognizant\learning-program-solutions\Week3_SpringCoreAndMaven\3_Exercise 4 Creating and Configuring a Maven Project\Code\target\classes;C:\Users\INTEL\.m2\repository\org\springframework\spring-context\5.3.36\spring-context-5.3.36.jar;C:\Users\INTEL\.m2\repository\org\springframework\spring-beans\5.3.36\spring-beans-5.3.36.jar;C:\Users\INTEL\.m2\repository\org\springframework\spring-core\5.3.36\spring-core-5.3.36.jar;C:\Users\INTEL\.m2\repository\org\springframework\spring-jcl\5.3.36\spring-jcl-5.3.36.jar;C:\Users\INTEL\.m2\repository\org\springframework\spring-expression\5.3.36\spring-expression-5.3.36.jar;C:\Users\INTEL\.m2\repository\org\springframework\spring-aop\5.3.36\spring-aop-5.3.36.jar;C:\Users\INTEL\.m2\repository\org\springframework\spring-webmvc\5.3.36\spring-webmvc-5.3.36.jar;C:\Users\INTEL\.m2\repository\org\springframework\spring-web\5.3.36\spring-web-5.3.36.jar;C:\Users\INTEL\.m2\repository\javax\servlet\javax.servlet-api\4.0.1\javax.servlet-api-4.0.1.jar;C:\Users\INTEL\.m2\repository\junit\junit\4.13.2\junit-4.13.2.jar;C:\Users\INTEL\.m2\repository\org\hamcrest\hamcrest-core\1.3\hamcrest-core-1.3.jar;"/>
    <property name="java.vm.vendor" value="Oracle Corporation"/>
    <property name="sun.arch.data.model" value="64"/>
    <property name="user.variant" value=""/>
    <property name="java.vendor.url" value="https://java.oracle.com/"/>
    <property name="user.timezone" value="Asia/Calcutta"/>
    <property name="os.name" value="Windows 11"/>
    <property name="java.vm.specification.version" value="24"/>
    <property name="sun.java.launcher" value="SUN_STANDARD"/>
    <property name="user.country" value="IN"/>
    <property name="sun.boot.library.path" value="C:\Program Files\Java\jdk-24\bin"/>
    <property name="sun.java.command" value="C:\Users\INTEL\AppData\Local\Temp\surefire3070774565277952155\surefirebooter-20250706193948059_3.jar C:\Users\INTEL\AppData\Local\Temp\surefire3070774565277952155 2025-07-06T19-39-47_938-jvmRun1 surefire-20250706193948059_1tmp surefire_0-20250706193948059_2tmp"/>
    <property name="jdk.debug" value="release"/>
    <property name="surefire.test.class.path" value="E:\projects\cognizant\learning-program-solutions\Week3_SpringCoreAndMaven\3_Exercise 4 Creating and Configuring a Maven Project\Code\target\test-classes;E:\projects\cognizant\learning-program-solutions\Week3_SpringCoreAndMaven\3_Exercise 4 Creating and Configuring a Maven Project\Code\target\classes;C:\Users\INTEL\.m2\repository\org\springframework\spring-context\5.3.36\spring-context-5.3.36.jar;C:\Users\INTEL\.m2\repository\org\springframework\spring-beans\5.3.36\spring-beans-5.3.36.jar;C:\Users\INTEL\.m2\repository\org\springframework\spring-core\5.3.36\spring-core-5.3.36.jar;C:\Users\INTEL\.m2\repository\org\springframework\spring-jcl\5.3.36\spring-jcl-5.3.36.jar;C:\Users\INTEL\.m2\repository\org\springframework\spring-expression\5.3.36\spring-expression-5.3.36.jar;C:\Users\INTEL\.m2\repository\org\springframework\spring-aop\5.3.36\spring-aop-5.3.36.jar;C:\Users\INTEL\.m2\repository\org\springframework\spring-webmvc\5.3.36\spring-webmvc-5.3.36.jar;C:\Users\INTEL\.m2\repository\org\springframework\spring-web\5.3.36\spring-web-5.3.36.jar;C:\Users\INTEL\.m2\repository\javax\servlet\javax.servlet-api\4.0.1\javax.servlet-api-4.0.1.jar;C:\Users\INTEL\.m2\repository\junit\junit\4.13.2\junit-4.13.2.jar;C:\Users\INTEL\.m2\repository\org\hamcrest\hamcrest-core\1.3\hamcrest-core-1.3.jar;"/>
    <property name="sun.cpu.endian" value="little"/>
    <property name="user.home" value="C:\Users\INTEL"/>
    <property name="user.language" value="en"/>
    <property name="java.specification.vendor" value="Oracle Corporation"/>
    <property name="java.version.date" value="2025-04-15"/>
    <property name="java.home" value="C:\Program Files\Java\jdk-24"/>
    <property name="file.separator" value="\"/>
    <property name="basedir" value="E:\projects\cognizant\learning-program-solutions\Week3_SpringCoreAndMaven\3_Exercise 4 Creating and Configuring a Maven Project\Code"/>
    <property name="java.vm.compressedOopsMode" value="Zero based"/>
    <property name="line.separator" value="&#10;"/>
    <property name="java.vm.specification.vendor" value="Oracle Corporation"/>
    <property name="java.specification.name" value="Java Platform API Specification"/>
    <property name="surefire.real.class.path" value="C:\Users\INTEL\AppData\Local\Temp\surefire3070774565277952155\surefirebooter-20250706193948059_3.jar"/>
    <property name="user.script" value=""/>
    <property name="sun.management.compiler" value="HotSpot 64-Bit Tiered Compilers"/>
    <property name="java.runtime.version" value="24.0.1+9-30"/>
    <property name="user.name" value="INTEL"/>
    <property name="stdout.encoding" value="Cp1252"/>
    <property name="path.separator" value=";"/>
    <property name="os.version" value="10.0"/>
    <property name="java.runtime.name" value="Java(TM) SE Runtime Environment"/>
    <property name="file.encoding" value="UTF-8"/>
    <property name="java.vm.name" value="Java HotSpot(TM) 64-Bit Server VM"/>
    <property name="localRepository" value="C:\Users\INTEL\.m2\repository"/>
    <property name="java.vendor.url.bug" value="https://bugreport.java.com/bugreport/"/>
    <property name="java.io.tmpdir" value="C:\Users\INTEL\AppData\Local\Temp\"/>
    <property name="java.version" value="24.0.1"/>
    <property name="user.dir" value="E:\projects\cognizant\learning-program-solutions\Week3_SpringCoreAndMaven\3_Exercise 4 Creating and Configuring a Maven Project\Code"/>
    <property name="os.arch" value="amd64"/>
    <property name="java.vm.specification.name" value="Java Virtual Machine Specification"/>
    <property name="sun.os.patch.level" value=""/>
    <property name="native.encoding" value="Cp1252"/>
    <property name="java.library.path" value="C:\Program Files\Java\jdk-24\bin;C:\WINDOWS\Sun\Java\bin;C:\WINDOWS\system32;C:\WINDOWS;C:\Python313\Scripts\;C:\Python313\;C:\Program Files\Common Files\Oracle\Java\javapath;C:\Program Files (x86)\Common Files\Oracle\Java\javapath;C:\WINDOWS\system32;C:\WINDOWS;C:\WINDOWS\System32\Wbem;C:\WINDOWS\System32\WindowsPowerShell\v1.0\;C:\WINDOWS\System32\OpenSSH\;C:\Program Files\Java\jdk-24\bin;C:\Program Files\nodejs\;C:\ProgramData\chocolatey\bin;C:\Program Files\Git\cmd;C:\MinGW\bin;C:\Program Files (x86)\Go\bin;C:\Users\INTEL\AppData\Local\Programs\Python\Python310\Scripts;C:\Program Files\Tailscale\;C:\Users\INTEL\AppData\Local\Programs\Python\Python310\Scripts\;C:\Users\INTEL\AppData\Local\Programs\Python\Python310\;C:\Users\INTEL\AppData\Local\Microsoft\WindowsApps;C:\Users\INTEL\AppData\Local\Programs\Microsoft VS Code\bin;C:\Users\INTEL\AppData\Roaming\npm;C:\Users\INTEL\go\bin;C:\Program Files\PostgreSQL\16\bin;C:\Program Files\apache-maven-3.9.10-bin\apache-maven-3.9.10\bin;;."/>
    <property name="java.vm.info" value="mixed mode, sharing"/>
    <property name="stderr.encoding" value="Cp1252"/>
    <property name="java.vendor" value="Oracle Corporation"/>
    <property name="java.vm.version" value="24.0.1+9-30"/>
    <property name="sun.io.unicode.encoding" value="UnicodeLittle"/>
    <property name="java.class.version" value="68.0"/>
  </properties>
  <testcase name="testApp" classname="com.library.AppTest" time="0.003"/>
</testsuite>